<?xml version="1.0" encoding="UTF-8"?>
<testsuite name="com.gl.test.integration.UserManagementIntegrationTest" tests="3" skipped="0" failures="0" errors="0" timestamp="2022-07-25T04:31:31" hostname="DESKTOP-19G9KKD" time="0.792">
  <properties/>
  <testcase name="loginUser()" classname="com.gl.test.integration.UserManagementIntegrationTest" time="0.622"/>
  <testcase name="signUpUserWithSavedEmail()" classname="com.gl.test.integration.UserManagementIntegrationTest" time="0.027"/>
  <testcase name="singUpValidUserWithoutPhones()" classname="com.gl.test.integration.UserManagementIntegrationTest" time="0.134"/>
  <system-out><![CDATA[00:31:18.402 [Test worker] DEBUG org.springframework.test.context.BootstrapUtils - Instantiating CacheAwareContextLoaderDelegate from class [org.springframework.test.context.cache.DefaultCacheAwareContextLoaderDelegate]
00:31:18.433 [Test worker] DEBUG org.springframework.test.context.BootstrapUtils - Instantiating BootstrapContext using constructor [public org.springframework.test.context.support.DefaultBootstrapContext(java.lang.Class,org.springframework.test.context.CacheAwareContextLoaderDelegate)]
00:31:18.495 [Test worker] DEBUG org.springframework.test.context.BootstrapUtils - Instantiating TestContextBootstrapper for test class [com.gl.test.integration.UserManagementIntegrationTest] from class [org.springframework.boot.test.context.SpringBootTestContextBootstrapper]
00:31:18.511 [Test worker] INFO org.springframework.boot.test.context.SpringBootTestContextBootstrapper - Neither @ContextConfiguration nor @ContextHierarchy found for test class [com.gl.test.integration.UserManagementIntegrationTest], using SpringBootContextLoader
00:31:18.527 [Test worker] DEBUG org.springframework.test.context.support.AbstractContextLoader - Did not detect default resource location for test class [com.gl.test.integration.UserManagementIntegrationTest]: class path resource [com/gl/test/integration/UserManagementIntegrationTest-context.xml] does not exist
00:31:18.527 [Test worker] DEBUG org.springframework.test.context.support.AbstractContextLoader - Did not detect default resource location for test class [com.gl.test.integration.UserManagementIntegrationTest]: class path resource [com/gl/test/integration/UserManagementIntegrationTestContext.groovy] does not exist
00:31:18.542 [Test worker] INFO org.springframework.test.context.support.AbstractContextLoader - Could not detect default resource locations for test class [com.gl.test.integration.UserManagementIntegrationTest]: no resource found for suffixes {-context.xml, Context.groovy}.
00:31:18.542 [Test worker] INFO org.springframework.test.context.support.AnnotationConfigContextLoaderUtils - Could not detect default configuration classes for test class [com.gl.test.integration.UserManagementIntegrationTest]: UserManagementIntegrationTest does not declare any static, non-private, non-final, nested classes annotated with @Configuration.
00:31:18.636 [Test worker] DEBUG org.springframework.test.context.support.ActiveProfilesUtils - Could not find an 'annotation declaring class' for annotation type [org.springframework.test.context.ActiveProfiles] and class [com.gl.test.integration.UserManagementIntegrationTest]
00:31:18.777 [Test worker] DEBUG org.springframework.context.annotation.ClassPathScanningCandidateComponentProvider - Identified candidate component class: file [C:\Users\admin\OneDrive\Escritorio\Prueba EY & Global Logic para BCI\Prueba GL\build\classes\java\main\com\gl\test\UserManagementApplication.class]
00:31:18.777 [Test worker] INFO org.springframework.boot.test.context.SpringBootTestContextBootstrapper - Found @SpringBootConfiguration com.gl.test.UserManagementApplication for test class com.gl.test.integration.UserManagementIntegrationTest
00:31:18.967 [Test worker] DEBUG org.springframework.boot.test.context.SpringBootTestContextBootstrapper - @TestExecutionListeners is not present for class [com.gl.test.integration.UserManagementIntegrationTest]: using defaults.
00:31:18.967 [Test worker] INFO org.springframework.boot.test.context.SpringBootTestContextBootstrapper - Loaded default TestExecutionListener class names from location [META-INF/spring.factories]: [org.springframework.boot.test.autoconfigure.restdocs.RestDocsTestExecutionListener, org.springframework.boot.test.autoconfigure.web.client.MockRestServiceServerResetTestExecutionListener, org.springframework.boot.test.autoconfigure.web.servlet.MockMvcPrintOnlyOnFailureTestExecutionListener, org.springframework.boot.test.autoconfigure.web.servlet.WebDriverTestExecutionListener, org.springframework.boot.test.autoconfigure.webservices.client.MockWebServiceServerTestExecutionListener, org.springframework.boot.test.mock.mockito.MockitoTestExecutionListener, org.springframework.boot.test.mock.mockito.ResetMocksTestExecutionListener, org.springframework.test.context.web.ServletTestExecutionListener, org.springframework.test.context.support.DirtiesContextBeforeModesTestExecutionListener, org.springframework.test.context.event.ApplicationEventsTestExecutionListener, org.springframework.test.context.support.DependencyInjectionTestExecutionListener, org.springframework.test.context.support.DirtiesContextTestExecutionListener, org.springframework.test.context.transaction.TransactionalTestExecutionListener, org.springframework.test.context.jdbc.SqlScriptsTestExecutionListener, org.springframework.test.context.event.EventPublishingTestExecutionListener]
00:31:19.014 [Test worker] INFO org.springframework.boot.test.context.SpringBootTestContextBootstrapper - Using TestExecutionListeners: [org.springframework.test.context.web.ServletTestExecutionListener@ec63513, org.springframework.test.context.support.DirtiesContextBeforeModesTestExecutionListener@2291801f, org.springframework.test.context.event.ApplicationEventsTestExecutionListener@7a197145, org.springframework.boot.test.mock.mockito.MockitoTestExecutionListener@520010ac, org.springframework.boot.test.autoconfigure.SpringBootDependencyInjectionTestExecutionListener@6dd1d952, org.springframework.test.context.support.DirtiesContextTestExecutionListener@436e2d8f, org.springframework.test.context.transaction.TransactionalTestExecutionListener@724cfffe, org.springframework.test.context.jdbc.SqlScriptsTestExecutionListener@209b046b, org.springframework.test.context.event.EventPublishingTestExecutionListener@43e35263, org.springframework.boot.test.autoconfigure.restdocs.RestDocsTestExecutionListener@71530dc5, org.springframework.boot.test.autoconfigure.web.client.MockRestServiceServerResetTestExecutionListener@64f5af1e, org.springframework.boot.test.autoconfigure.web.servlet.MockMvcPrintOnlyOnFailureTestExecutionListener@1cb557b7, org.springframework.boot.test.autoconfigure.web.servlet.WebDriverTestExecutionListener@459c6e08, org.springframework.boot.test.autoconfigure.webservices.client.MockWebServiceServerTestExecutionListener@2cc87e5b, org.springframework.boot.test.mock.mockito.ResetMocksTestExecutionListener@650ca983]
00:31:19.029 [Test worker] DEBUG org.springframework.test.context.support.AbstractDirtiesContextTestExecutionListener - Before test class: context [DefaultTestContext@440db25e testClass = UserManagementIntegrationTest, testInstance = [null], testMethod = [null], testException = [null], mergedContextConfiguration = [WebMergedContextConfiguration@56413e37 testClass = UserManagementIntegrationTest, locations = '{}', classes = '{class com.gl.test.UserManagementApplication}', contextInitializerClasses = '[]', activeProfiles = '{}', propertySourceLocations = '{}', propertySourceProperties = '{org.springframework.boot.test.context.SpringBootTestContextBootstrapper=true}', contextCustomizers = set[org.springframework.boot.test.autoconfigure.actuate.metrics.MetricsExportContextCustomizerFactory$DisableMetricExportContextCustomizer@169ac892, org.springframework.boot.test.autoconfigure.properties.PropertyMappingContextCustomizer@0, org.springframework.boot.test.autoconfigure.web.servlet.WebDriverContextCustomizerFactory$Customizer@5e1b8882, org.springframework.boot.test.context.filter.ExcludeFilterContextCustomizer@58255aac, org.springframework.boot.test.json.DuplicateJsonObjectContextCustomizerFactory$DuplicateJsonObjectContextCustomizer@716068cb, org.springframework.boot.test.mock.mockito.MockitoContextCustomizer@0, org.springframework.boot.test.web.client.TestRestTemplateContextCustomizer@6bc7ef21, org.springframework.boot.test.context.SpringBootTestArgs@1, org.springframework.boot.test.context.SpringBootTestWebEnvironment@76328d37], resourceBasePath = 'src/main/webapp', contextLoader = 'org.springframework.boot.test.context.SpringBootContextLoader', parent = [null]], attributes = map['org.springframework.test.context.web.ServletTestExecutionListener.activateListener' -> true]], class annotated with @DirtiesContext [false] with mode [null].

  .   ____          _            __ _ _
 /\\ / ___'_ __ _ _(_)_ __  __ _ \ \ \ \
( ( )\___ | '_ | '_| | '_ \/ _` | \ \ \ \
 \\/  ___)| |_)| | | | | || (_| |  ) ) ) )
  '  |____| .__|_| |_|_| |_\__, | / / / /
 =========|_|==============|___/=/_/_/_/
 :: Spring Boot ::                (v2.7.1)

2022-07-25 00:31:19.726  INFO 16276 --- [    Test worker] c.g.t.i.UserManagementIntegrationTest    : Starting UserManagementIntegrationTest using Java 1.8.0_322 on DESKTOP-19G9KKD with PID 16276 (started by admin in C:\Users\admin\OneDrive\Escritorio\Prueba EY & Global Logic para BCI\Prueba GL)
2022-07-25 00:31:19.729  INFO 16276 --- [    Test worker] c.g.t.i.UserManagementIntegrationTest    : No active profile set, falling back to 1 default profile: "default"
2022-07-25 00:31:22.256  INFO 16276 --- [    Test worker] .s.d.r.c.RepositoryConfigurationDelegate : Bootstrapping Spring Data JPA repositories in DEFAULT mode.
2022-07-25 00:31:22.443  INFO 16276 --- [    Test worker] .s.d.r.c.RepositoryConfigurationDelegate : Finished Spring Data repository scanning in 175 ms. Found 2 JPA repository interfaces.
2022-07-25 00:31:23.838  INFO 16276 --- [    Test worker] o.hibernate.jpa.internal.util.LogHelper  : HHH000204: Processing PersistenceUnitInfo [name: default]
2022-07-25 00:31:23.975  INFO 16276 --- [    Test worker] org.hibernate.Version                    : HHH000412: Hibernate ORM core version 5.6.9.Final
2022-07-25 00:31:24.389  INFO 16276 --- [    Test worker] o.hibernate.annotations.common.Version   : HCANN000001: Hibernate Commons Annotations {5.1.2.Final}
2022-07-25 00:31:24.665  INFO 16276 --- [    Test worker] com.zaxxer.hikari.HikariDataSource       : HikariPool-1 - Starting...
2022-07-25 00:31:25.089  INFO 16276 --- [    Test worker] com.zaxxer.hikari.HikariDataSource       : HikariPool-1 - Start completed.
2022-07-25 00:31:25.165  INFO 16276 --- [    Test worker] org.hibernate.dialect.Dialect            : HHH000400: Using dialect: org.hibernate.dialect.H2Dialect
2022-07-25 00:31:26.291  INFO 16276 --- [    Test worker] o.h.e.t.j.p.i.JtaPlatformInitiator       : HHH000490: Using JtaPlatform implementation: [org.hibernate.engine.transaction.jta.platform.internal.NoJtaPlatform]
2022-07-25 00:31:26.307  INFO 16276 --- [    Test worker] j.LocalContainerEntityManagerFactoryBean : Initialized JPA EntityManagerFactory for persistence unit 'default'
2022-07-25 00:31:27.876  WARN 16276 --- [    Test worker] JpaBaseConfiguration$JpaWebConfiguration : spring.jpa.open-in-view is enabled by default. Therefore, database queries may be performed during view rendering. Explicitly configure spring.jpa.open-in-view to disable this warning
2022-07-25 00:31:29.220  INFO 16276 --- [    Test worker] o.s.s.web.DefaultSecurityFilterChain     : Will secure any request with [org.springframework.security.web.context.request.async.WebAsyncManagerIntegrationFilter@6f9a8752, org.springframework.security.web.context.SecurityContextPersistenceFilter@5d0410b, org.springframework.security.web.header.HeaderWriterFilter@4676500a, org.springframework.security.web.authentication.logout.LogoutFilter@3cd769ad, com.gl.test.config.AuthTokenFilter@482def12, org.springframework.security.web.savedrequest.RequestCacheAwareFilter@5e75334a, org.springframework.security.web.servletapi.SecurityContextHolderAwareRequestFilter@7c32bab9, org.springframework.security.web.authentication.AnonymousAuthenticationFilter@7f529a0e, org.springframework.security.web.session.SessionManagementFilter@bf9b222, org.springframework.security.web.access.ExceptionTranslationFilter@4dd49356, org.springframework.security.web.access.intercept.FilterSecurityInterceptor@af7c390]
2022-07-25 00:31:29.909  INFO 16276 --- [    Test worker] o.s.b.a.h2.H2ConsoleAutoConfiguration    : H2 console available at '/h2-console'. Database available at 'jdbc:h2:mem:testdb'
2022-07-25 00:31:30.639  WARN 16276 --- [    Test worker] .b.a.g.t.GroovyTemplateAutoConfiguration : Cannot find template location: classpath:/templates/ (please add some templates, check your Groovy configuration, or set spring.groovy.template.check-template-location=false)
2022-07-25 00:31:31.570  INFO 16276 --- [    Test worker] c.g.t.i.UserManagementIntegrationTest    : Started UserManagementIntegrationTest in 12.468 seconds (JVM running for 15.15)
2022-07-25 00:31:32.181  INFO 16276 --- [    Test worker] c.g.t.s.i.UserManagementServiceImpl      : login
UserDetailsImpl(userName=usertest@test.cl)
AccountInfoResponseDTO(id=uuidUniqueTest, created=2022-07-25T00:31:31.931, lastLogin=2022-07-25T00:31:31.931, token=eyJhbGciOiJIUzI1NiJ9.eyJzdWIiOiJ1c2VydGVzdEB0ZXN0LmNsIiwiaWF0IjoxNjU4NzIzNDkyLCJleHAiOjE2NTg3MjcwOTJ9.biPRZX0MKvr193vI5jB_1RABYgymbXnQINpHgODORs0, isActive=true, name=null, email=usertest@test.cl, password=null, phones=null)
2022-07-25 00:31:32.529  INFO 16276 --- [    Test worker] c.g.t.s.i.UserManagementServiceImpl      : signup
2022-07-25 00:31:32.545  INFO 16276 --- [    Test worker] c.g.t.s.i.ValidatorServiceImpl           : Data validation
2022-07-25 00:31:32.560  INFO 16276 --- [    Test worker] c.g.t.s.i.UserManagementServiceImpl      : signup
2022-07-25 00:31:32.560  INFO 16276 --- [    Test worker] c.g.t.s.i.ValidatorServiceImpl           : Data validation
]]></system-out>
  <system-err><![CDATA[]]></system-err>
</testsuite>
