<?xml version="1.0" encoding="UTF-8"?>
<testsuite name="com.gl.test.integration.UserManagementIntegrationTest" tests="3" skipped="0" failures="0" errors="0" timestamp="2022-07-25T16:29:24" hostname="DESKTOP-19G9KKD" time="1.05">
  <properties/>
  <testcase name="loginUser()" classname="com.gl.test.integration.UserManagementIntegrationTest" time="0.635"/>
  <testcase name="signUpUserWithSavedEmail()" classname="com.gl.test.integration.UserManagementIntegrationTest" time="0.236"/>
  <testcase name="singUpValidUserWithoutPhones()" classname="com.gl.test.integration.UserManagementIntegrationTest" time="0.123"/>
  <system-out><![CDATA[12:29:08.679 [Test worker] DEBUG org.springframework.test.context.BootstrapUtils - Instantiating CacheAwareContextLoaderDelegate from class [org.springframework.test.context.cache.DefaultCacheAwareContextLoaderDelegate]
12:29:08.703 [Test worker] DEBUG org.springframework.test.context.BootstrapUtils - Instantiating BootstrapContext using constructor [public org.springframework.test.context.support.DefaultBootstrapContext(java.lang.Class,org.springframework.test.context.CacheAwareContextLoaderDelegate)]
12:29:08.791 [Test worker] DEBUG org.springframework.test.context.BootstrapUtils - Instantiating TestContextBootstrapper for test class [com.gl.test.integration.UserManagementIntegrationTest] from class [org.springframework.boot.test.context.SpringBootTestContextBootstrapper]
12:29:08.820 [Test worker] INFO org.springframework.boot.test.context.SpringBootTestContextBootstrapper - Neither @ContextConfiguration nor @ContextHierarchy found for test class [com.gl.test.integration.UserManagementIntegrationTest], using SpringBootContextLoader
12:29:08.831 [Test worker] DEBUG org.springframework.test.context.support.AbstractContextLoader - Did not detect default resource location for test class [com.gl.test.integration.UserManagementIntegrationTest]: class path resource [com/gl/test/integration/UserManagementIntegrationTest-context.xml] does not exist
12:29:08.833 [Test worker] DEBUG org.springframework.test.context.support.AbstractContextLoader - Did not detect default resource location for test class [com.gl.test.integration.UserManagementIntegrationTest]: class path resource [com/gl/test/integration/UserManagementIntegrationTestContext.groovy] does not exist
12:29:08.833 [Test worker] INFO org.springframework.test.context.support.AbstractContextLoader - Could not detect default resource locations for test class [com.gl.test.integration.UserManagementIntegrationTest]: no resource found for suffixes {-context.xml, Context.groovy}.
12:29:08.836 [Test worker] INFO org.springframework.test.context.support.AnnotationConfigContextLoaderUtils - Could not detect default configuration classes for test class [com.gl.test.integration.UserManagementIntegrationTest]: UserManagementIntegrationTest does not declare any static, non-private, non-final, nested classes annotated with @Configuration.
12:29:09.001 [Test worker] DEBUG org.springframework.test.context.support.ActiveProfilesUtils - Could not find an 'annotation declaring class' for annotation type [org.springframework.test.context.ActiveProfiles] and class [com.gl.test.integration.UserManagementIntegrationTest]
12:29:09.192 [Test worker] DEBUG org.springframework.context.annotation.ClassPathScanningCandidateComponentProvider - Identified candidate component class: file [C:\Users\admin\OneDrive\Escritorio\Prueba EY & Global Logic para BCI\Prueba GL\build\classes\java\main\com\gl\test\UserManagementApplication.class]
12:29:09.192 [Test worker] INFO org.springframework.boot.test.context.SpringBootTestContextBootstrapper - Found @SpringBootConfiguration com.gl.test.UserManagementApplication for test class com.gl.test.integration.UserManagementIntegrationTest
12:29:09.456 [Test worker] DEBUG org.springframework.boot.test.context.SpringBootTestContextBootstrapper - @TestExecutionListeners is not present for class [com.gl.test.integration.UserManagementIntegrationTest]: using defaults.
12:29:09.456 [Test worker] INFO org.springframework.boot.test.context.SpringBootTestContextBootstrapper - Loaded default TestExecutionListener class names from location [META-INF/spring.factories]: [org.springframework.boot.test.autoconfigure.restdocs.RestDocsTestExecutionListener, org.springframework.boot.test.autoconfigure.web.client.MockRestServiceServerResetTestExecutionListener, org.springframework.boot.test.autoconfigure.web.servlet.MockMvcPrintOnlyOnFailureTestExecutionListener, org.springframework.boot.test.autoconfigure.web.servlet.WebDriverTestExecutionListener, org.springframework.boot.test.autoconfigure.webservices.client.MockWebServiceServerTestExecutionListener, org.springframework.boot.test.mock.mockito.MockitoTestExecutionListener, org.springframework.boot.test.mock.mockito.ResetMocksTestExecutionListener, org.springframework.test.context.web.ServletTestExecutionListener, org.springframework.test.context.support.DirtiesContextBeforeModesTestExecutionListener, org.springframework.test.context.event.ApplicationEventsTestExecutionListener, org.springframework.test.context.support.DependencyInjectionTestExecutionListener, org.springframework.test.context.support.DirtiesContextTestExecutionListener, org.springframework.test.context.transaction.TransactionalTestExecutionListener, org.springframework.test.context.jdbc.SqlScriptsTestExecutionListener, org.springframework.test.context.event.EventPublishingTestExecutionListener]
12:29:09.504 [Test worker] INFO org.springframework.boot.test.context.SpringBootTestContextBootstrapper - Using TestExecutionListeners: [org.springframework.test.context.web.ServletTestExecutionListener@1318aa80, org.springframework.test.context.support.DirtiesContextBeforeModesTestExecutionListener@28c7d6d, org.springframework.test.context.event.ApplicationEventsTestExecutionListener@268d83f2, org.springframework.boot.test.mock.mockito.MockitoTestExecutionListener@6d02b1fb, org.springframework.boot.test.autoconfigure.SpringBootDependencyInjectionTestExecutionListener@3b985a71, org.springframework.test.context.support.DirtiesContextTestExecutionListener@5a1e3f7a, org.springframework.test.context.transaction.TransactionalTestExecutionListener@1046b5d8, org.springframework.test.context.jdbc.SqlScriptsTestExecutionListener@68b34342, org.springframework.test.context.event.EventPublishingTestExecutionListener@1181c7f7, org.springframework.boot.test.autoconfigure.restdocs.RestDocsTestExecutionListener@3acfdf52, org.springframework.boot.test.autoconfigure.web.client.MockRestServiceServerResetTestExecutionListener@1f8245a6, org.springframework.boot.test.autoconfigure.web.servlet.MockMvcPrintOnlyOnFailureTestExecutionListener@6d59ac47, org.springframework.boot.test.autoconfigure.web.servlet.WebDriverTestExecutionListener@72787064, org.springframework.boot.test.autoconfigure.webservices.client.MockWebServiceServerTestExecutionListener@36090436, org.springframework.boot.test.mock.mockito.ResetMocksTestExecutionListener@3b2bd824]
12:29:09.512 [Test worker] DEBUG org.springframework.test.context.support.AbstractDirtiesContextTestExecutionListener - Before test class: context [DefaultTestContext@3d51ba32 testClass = UserManagementIntegrationTest, testInstance = [null], testMethod = [null], testException = [null], mergedContextConfiguration = [WebMergedContextConfiguration@71e2f042 testClass = UserManagementIntegrationTest, locations = '{}', classes = '{class com.gl.test.UserManagementApplication}', contextInitializerClasses = '[]', activeProfiles = '{}', propertySourceLocations = '{}', propertySourceProperties = '{org.springframework.boot.test.context.SpringBootTestContextBootstrapper=true}', contextCustomizers = set[org.springframework.boot.test.autoconfigure.actuate.metrics.MetricsExportContextCustomizerFactory$DisableMetricExportContextCustomizer@5618c919, org.springframework.boot.test.autoconfigure.properties.PropertyMappingContextCustomizer@0, org.springframework.boot.test.autoconfigure.web.servlet.WebDriverContextCustomizerFactory$Customizer@4acb0aaa, org.springframework.boot.test.context.filter.ExcludeFilterContextCustomizer@1ad02c5f, org.springframework.boot.test.json.DuplicateJsonObjectContextCustomizerFactory$DuplicateJsonObjectContextCustomizer@3726fced, org.springframework.boot.test.mock.mockito.MockitoContextCustomizer@bd4911d2, org.springframework.boot.test.web.client.TestRestTemplateContextCustomizer@375a7d32, org.springframework.boot.test.context.SpringBootTestArgs@1, org.springframework.boot.test.context.SpringBootTestWebEnvironment@1bd2b9cb], resourceBasePath = 'src/main/webapp', contextLoader = 'org.springframework.boot.test.context.SpringBootContextLoader', parent = [null]], attributes = map['org.springframework.test.context.web.ServletTestExecutionListener.activateListener' -> true]], class annotated with @DirtiesContext [false] with mode [null].

  .   ____          _            __ _ _
 /\\ / ___'_ __ _ _(_)_ __  __ _ \ \ \ \
( ( )\___ | '_ | '_| | '_ \/ _` | \ \ \ \
 \\/  ___)| |_)| | | | | || (_| |  ) ) ) )
  '  |____| .__|_| |_|_| |_\__, | / / / /
 =========|_|==============|___/=/_/_/_/
 :: Spring Boot ::                (v2.7.1)

2022-07-25 12:29:10.483  INFO 1976 --- [    Test worker] c.g.t.i.UserManagementIntegrationTest    : Starting UserManagementIntegrationTest using Java 1.8.0_322 on DESKTOP-19G9KKD with PID 1976 (started by admin in C:\Users\admin\OneDrive\Escritorio\Prueba EY & Global Logic para BCI\Prueba GL)
2022-07-25 12:29:10.483  INFO 1976 --- [    Test worker] c.g.t.i.UserManagementIntegrationTest    : No active profile set, falling back to 1 default profile: "default"
2022-07-25 12:29:13.521  INFO 1976 --- [    Test worker] .s.d.r.c.RepositoryConfigurationDelegate : Bootstrapping Spring Data JPA repositories in DEFAULT mode.
2022-07-25 12:29:13.781  INFO 1976 --- [    Test worker] .s.d.r.c.RepositoryConfigurationDelegate : Finished Spring Data repository scanning in 239 ms. Found 2 JPA repository interfaces.
2022-07-25 12:29:16.640  INFO 1976 --- [    Test worker] o.hibernate.jpa.internal.util.LogHelper  : HHH000204: Processing PersistenceUnitInfo [name: default]
2022-07-25 12:29:16.799  INFO 1976 --- [    Test worker] org.hibernate.Version                    : HHH000412: Hibernate ORM core version 5.6.9.Final
2022-07-25 12:29:16.884  INFO 1976 --- [    Test worker] o.hibernate.annotations.common.Version   : HCANN000001: Hibernate Commons Annotations {5.1.2.Final}
2022-07-25 12:29:17.157  INFO 1976 --- [    Test worker] com.zaxxer.hikari.HikariDataSource       : HikariPool-1 - Starting...
2022-07-25 12:29:17.593  INFO 1976 --- [    Test worker] com.zaxxer.hikari.HikariDataSource       : HikariPool-1 - Start completed.
2022-07-25 12:29:17.660  INFO 1976 --- [    Test worker] org.hibernate.dialect.Dialect            : HHH000400: Using dialect: org.hibernate.dialect.H2Dialect
2022-07-25 12:29:18.865  INFO 1976 --- [    Test worker] o.h.e.t.j.p.i.JtaPlatformInitiator       : HHH000490: Using JtaPlatform implementation: [org.hibernate.engine.transaction.jta.platform.internal.NoJtaPlatform]
2022-07-25 12:29:18.889  INFO 1976 --- [    Test worker] j.LocalContainerEntityManagerFactoryBean : Initialized JPA EntityManagerFactory for persistence unit 'default'
2022-07-25 12:29:19.103  WARN 1976 --- [    Test worker] JpaBaseConfiguration$JpaWebConfiguration : spring.jpa.open-in-view is enabled by default. Therefore, database queries may be performed during view rendering. Explicitly configure spring.jpa.open-in-view to disable this warning
2022-07-25 12:29:21.138  INFO 1976 --- [    Test worker] o.s.s.web.DefaultSecurityFilterChain     : Will secure any request with [org.springframework.security.web.context.request.async.WebAsyncManagerIntegrationFilter@c9bb7b4, org.springframework.security.web.context.SecurityContextPersistenceFilter@18e215c0, org.springframework.security.web.header.HeaderWriterFilter@2c11723d, org.springframework.security.web.authentication.logout.LogoutFilter@60f3b231, com.gl.test.config.AuthTokenFilter@15e6769f, org.springframework.security.web.savedrequest.RequestCacheAwareFilter@193e74a7, org.springframework.security.web.servletapi.SecurityContextHolderAwareRequestFilter@3bf76fbc, org.springframework.security.web.authentication.AnonymousAuthenticationFilter@bf7e670, org.springframework.security.web.session.SessionManagementFilter@517d454, org.springframework.security.web.access.ExceptionTranslationFilter@507702e7, org.springframework.security.web.access.intercept.FilterSecurityInterceptor@77b8d505]
2022-07-25 12:29:22.239  INFO 1976 --- [    Test worker] o.s.b.a.h2.H2ConsoleAutoConfiguration    : H2 console available at '/h2-console'. Database available at 'jdbc:h2:mem:testdb'
2022-07-25 12:29:23.088  WARN 1976 --- [    Test worker] .b.a.g.t.GroovyTemplateAutoConfiguration : Cannot find template location: classpath:/templates/ (please add some templates, check your Groovy configuration, or set spring.groovy.template.check-template-location=false)
2022-07-25 12:29:24.323  INFO 1976 --- [    Test worker] c.g.t.i.UserManagementIntegrationTest    : Started UserManagementIntegrationTest in 14.727 seconds (JVM running for 17.446)
2022-07-25 12:29:24.570  INFO 1976 --- [    Test worker] c.g.t.s.i.UserManagementServiceImpl      : login
2022-07-25 12:29:25.260  INFO 1976 --- [    Test worker] c.g.t.s.i.UserManagementServiceImpl      : signup
2022-07-25 12:29:25.261  INFO 1976 --- [    Test worker] c.g.t.s.i.ValidatorServiceImpl           : Data validation
2022-07-25 12:29:25.329  INFO 1976 --- [    Test worker] c.g.t.s.i.UserManagementServiceImpl      : signup
2022-07-25 12:29:25.330  INFO 1976 --- [    Test worker] c.g.t.s.i.ValidatorServiceImpl           : Data validation
]]></system-out>
  <system-err><![CDATA[]]></system-err>
</testsuite>
